main:
li $s7, 1
li.s $f29, 1
li.s $f30, 0
li $t2, 0
li $v0, 5
syscall
move $t3, $v0
move $t0, $t3
sw $t0, 0($k0)
sw $t1, 4($k0)
sw $t2, 44($k0)
j L3
L2:
li $t0, 4
li $t1, 0
li $t2, 10
lw $t4, 44($k0)
sgt $t5, $t4 , $t2
beqz $t5, L1
L1:
mul $t5, $t0 , $t2
add $t1, $t5 , $t1
mul $t0, $t0 , $t2
li $t2, 4
add $t4, $t1 , $t2
li $v0, 5
syscall
move $t0, $v0
add $t6, $k0 , $t6
sw $t0, 0($t6)
lw $t7, 44($k0)
move $t7, $t5
li $t1, 1
add $t5, $t5 , $t1
move $t7, $t5
L3:
move $t7, $t8
lw $t9, 0($k0)
move $t9, $s0
slt $t8, $t8 , $s0
sw $t7, 44($k0)
beq $t8, $s7, L2
L4:
li $t7, 0
li $t9, 0
sw $t7, 48($k0)
sw $t9, 52($k0)
j L26
L25:
lw $t7, 48($k0)
move $t7, $t2
li $t9, 1
add $t2, $t2 , $t9
move $s1, $t2
sw $s1, 52($k0)
j L23
L22:
slt $s2, $t7 , $s1
beq $s2, $s7, L19
j L20
L19:
move $s1, $s3
li $s4, 4
li $s5, 0
li $s6, 10
lw $t0, 48($k0)
sgt $t1, $t0 , $s6
sw $s3, 56($k0)
beqz $t1, L12
L12:
mul $t1, $s4 , $s6
add $s5, $t1 , $s5
mul $s4, $s4 , $s6
li $s6, 4
add $t0, $s5 , $s6
add $s1, $k0 , $s1
sw $s3, 0($s1)
li $t0, 4
li $t0, 0
li $t0, 10
lw $t1, 52($k0)
sgt $t0, $t1 , $t0
beqz $t0, L16
L16:
mul $t2, $t1 , $t0
add $t2, $t2 , $t2
mul $t1, $t1 , $t0
li $t0, 4
add $s6, $t2 , $t0
lw $t0, 56($k0)
add $t1, $k0 , $t1
sw $t0, 0($t1)
li $t2, 4
li $t1, 0
li $t1, 10
lw $t2, 52($k0)
sgt $t1, $t2 , $t1
beqz $t1, L18
L18:
mul $t1, $t0 , $t2
add $t1, $t1 , $t1
mul $t0, $t0 , $t2
li $t2, 4
add $t0, $t1 , $t2
li $t0, 20
add $t0, $k0 , $t0
sw $t0, 0($t0)
j L21
L20:
L21:
lw $t0, 52($k0)
move $t0, $t1
li $t2, 1
add $t1, $t1 , $t2
move $t0, $t1
L23:
move $t0, $t9
lw $t1, 0($k0)
move $t1, $t2
slt $t9, $t9 , $t2
sw $t0, 52($k0)
beq $t9, $s7, L22
L24:
lw $t0, 48($k0)
move $t0, $t1
li $s4, 1
add $t1, $t1 , $s4
move $t0, $t1
L26:
move $t0, $t1
lw $t2, 0($k0)
move $t2, $t3
slt $t1, $t1 , $t3
sw $t0, 48($k0)
beq $t1, $s7, L25
L27:
li $t0, 0
sw $t0, 44($k0)
j L31
L30:
li $v0, 4
la $a0, _str0
syscall
lw $t0, 44($k0)
li $v0, 1
move $a0, $t0
syscall
li $v0, 4
la $a0, _str1
syscall
li $s6, 4
li $t2, 0
li $t1, 10
sgt $t1, $t0 , $t1
beqz $t1, L29
L29:
mul $t1, $s6 , $t0
add $t2, $t1 , $t2
mul $s6, $s6 , $t0
addi  $a3, $k0 , 4
add  $a3, $a3 , $t2
lw $s5, 0($a3)
li $v0, 1
move $a0, $t0
syscall
li $v0, 4
la $a0, _str2
syscall
lw $t0, 44($k0)
move $t0, $s6
li $t1, 1
add $s6, $s6 , $t1
move $t0, $s6
L31:
move $t0, $s4
lw $t1, 0($k0)
move $t1, $t2
slt $s4, $s4 , $t2
sw $t0, 44($k0)
beq $s4, $s7, L30
L32:
